2026-06-24 20:04:54,427 | INFO | Assignment 2 Q-learning execution started.
2026-06-24 20:04:54,430 | INFO | START | experiment=Baseline | alpha=0.100 | epsilon=0.100 | gamma=0.900 | episodes=2000
2026-06-24 20:04:55,227 | INFO | PROGRESS | experiment=Baseline | episode=500 | recent_mean_return=-188.874 | recent_mean_steps=136.422 | recent_success_rate=0.642
2026-06-24 20:04:55,512 | INFO | PROGRESS | experiment=Baseline | episode=1000 | recent_mean_return=-38.224 | recent_mean_steps=44.242 | recent_success_rate=0.998
2026-06-24 20:04:55,652 | INFO | PROGRESS | experiment=Baseline | episode=1500 | recent_mean_return=-4.702 | recent_mean_steps=20.014 | recent_success_rate=1.000
2026-06-24 20:04:55,762 | INFO | PROGRESS | experiment=Baseline | episode=2000 | recent_mean_return=0.474 | recent_mean_steps=16.026 | recent_success_rate=1.000
2026-06-24 20:04:55,798 | INFO | FINISH | experiment=Baseline | metrics={'training_mean_return_last_window': 0.474, 'training_mean_steps_last_window': 16.026, 'training_success_rate_last_window': 1.0, 'training_mean_illegal_actions_last_window': 0.5, 'training_truncation_rate_last_window': 0.0, 'evaluation_episodes': 100.0, 'evaluation_mean_return': -12.48, 'evaluation_mean_steps': 31.38, 'evaluation_success_rate': 0.9, 'evaluation_mean_illegal_actions': 0.0}
2026-06-24 20:04:55,802 | INFO | START | experiment=Alpha = 0.01 | alpha=0.010 | epsilon=0.100 | gamma=0.900 | episodes=2000
2026-06-24 20:04:56,870 | INFO | PROGRESS | experiment=Alpha = 0.01 | episode=500 | recent_mean_return=-275.770 | recent_mean_steps=186.430 | recent_success_rate=0.160
2026-06-24 20:04:57,898 | INFO | PROGRESS | experiment=Alpha = 0.01 | episode=1000 | recent_mean_return=-243.198 | recent_mean_steps=178.050 | recent_success_rate=0.292
2026-06-24 20:04:58,876 | INFO | PROGRESS | experiment=Alpha = 0.01 | episode=1500 | recent_mean_return=-216.686 | recent_mean_steps=163.502 | recent_success_rate=0.464
2026-06-24 20:04:59,762 | INFO | PROGRESS | experiment=Alpha = 0.01 | episode=2000 | recent_mean_return=-195.922 | recent_mean_steps=151.768 | recent_success_rate=0.582
2026-06-24 20:04:59,919 | INFO | FINISH | experiment=Alpha = 0.01 | metrics={'training_mean_return_last_window': -195.922, 'training_mean_steps_last_window': 151.768, 'training_success_rate_last_window': 0.582, 'training_mean_illegal_actions_last_window': 6.264, 'training_truncation_rate_last_window': 0.426, 'evaluation_episodes': 100.0, 'evaluation_mean_return': -235.64, 'evaluation_mean_steps': 200.0, 'evaluation_success_rate': 0.0, 'evaluation_mean_illegal_actions': 3.96}
2026-06-24 20:04:59,922 | INFO | START | experiment=Alpha = 0.001 | alpha=0.001 | epsilon=0.100 | gamma=0.900 | episodes=2000
2026-06-24 20:05:01,067 | INFO | PROGRESS | experiment=Alpha = 0.001 | episode=500 | recent_mean_return=-286.760 | recent_mean_steps=192.632 | recent_success_rate=0.112
2026-06-24 20:05:02,212 | INFO | PROGRESS | experiment=Alpha = 0.001 | episode=1000 | recent_mean_return=-265.040 | recent_mean_steps=188.030 | recent_success_rate=0.136
2026-06-24 20:05:03,342 | INFO | PROGRESS | experiment=Alpha = 0.001 | episode=1500 | recent_mean_return=-262.876 | recent_mean_steps=188.038 | recent_success_rate=0.152
2026-06-24 20:05:04,485 | INFO | PROGRESS | experiment=Alpha = 0.001 | episode=2000 | recent_mean_return=-254.158 | recent_mean_steps=183.088 | recent_success_rate=0.172
2026-06-24 20:05:04,654 | INFO | FINISH | experiment=Alpha = 0.001 | metrics={'training_mean_return_last_window': -254.158, 'training_mean_steps_last_window': 183.088, 'training_success_rate_last_window': 0.172, 'training_mean_illegal_actions_last_window': 8.298, 'training_truncation_rate_last_window': 0.83, 'evaluation_episodes': 100.0, 'evaluation_mean_return': -218.0, 'evaluation_mean_steps': 200.0, 'evaluation_success_rate': 0.0, 'evaluation_mean_illegal_actions': 2.0}
2026-06-24 20:05:04,657 | INFO | START | experiment=Alpha = 0.2 | alpha=0.200 | epsilon=0.100 | gamma=0.900 | episodes=2000
2026-06-24 20:05:05,263 | INFO | PROGRESS | experiment=Alpha = 0.2 | episode=500 | recent_mean_return=-129.848 | recent_mean_steps=97.442 | recent_success_rate=0.778
2026-06-24 20:05:05,389 | INFO | PROGRESS | experiment=Alpha = 0.2 | episode=1000 | recent_mean_return=-3.754 | recent_mean_steps=19.372 | recent_success_rate=1.000
2026-06-24 20:05:05,485 | INFO | PROGRESS | experiment=Alpha = 0.2 | episode=1500 | recent_mean_return=1.036 | recent_mean_steps=15.410 | recent_success_rate=1.000
2026-06-24 20:05:05,585 | INFO | PROGRESS | experiment=Alpha = 0.2 | episode=2000 | recent_mean_return=2.192 | recent_mean_steps=14.848 | recent_success_rate=1.000
2026-06-24 20:05:05,604 | INFO | FINISH | experiment=Alpha = 0.2 | metrics={'training_mean_return_last_window': 2.192, 'training_mean_steps_last_window': 14.848, 'training_success_rate_last_window': 1.0, 'training_mean_illegal_actions_last_window': 0.44, 'training_truncation_rate_last_window': 0.0, 'evaluation_episodes': 100.0, 'evaluation_mean_return': 8.35, 'evaluation_mean_steps': 12.65, 'evaluation_success_rate': 1.0, 'evaluation_mean_illegal_actions': 0.0}
2026-06-24 20:05:05,607 | INFO | START | experiment=Epsilon = 0.2 | alpha=0.100 | epsilon=0.200 | gamma=0.900 | episodes=2000
2026-06-24 20:05:06,408 | INFO | PROGRESS | experiment=Epsilon = 0.2 | episode=500 | recent_mean_return=-221.982 | recent_mean_steps=140.088 | recent_success_rate=0.620
2026-06-24 20:05:06,685 | INFO | PROGRESS | experiment=Epsilon = 0.2 | episode=1000 | recent_mean_return=-51.078 | recent_mean_steps=44.964 | recent_success_rate=0.992
2026-06-24 20:05:06,837 | INFO | PROGRESS | experiment=Epsilon = 0.2 | episode=1500 | recent_mean_return=-12.570 | recent_mean_steps=21.852 | recent_success_rate=1.000
2026-06-24 20:05:06,955 | INFO | PROGRESS | experiment=Epsilon = 0.2 | episode=2000 | recent_mean_return=-7.450 | recent_mean_steps=18.352 | recent_success_rate=1.000
2026-06-24 20:05:06,998 | INFO | FINISH | experiment=Epsilon = 0.2 | metrics={'training_mean_return_last_window': -7.45, 'training_mean_steps_last_window': 18.352, 'training_success_rate_last_window': 1.0, 'training_mean_illegal_actions_last_window': 1.122, 'training_truncation_rate_last_window': 0.0, 'evaluation_episodes': 100.0, 'evaluation_mean_return': -24.84, 'evaluation_mean_steps': 42.48, 'evaluation_success_rate': 0.84, 'evaluation_mean_illegal_actions': 0.0}
2026-06-24 20:05:07,000 | INFO | START | experiment=Epsilon = 0.3 | alpha=0.100 | epsilon=0.300 | gamma=0.900 | episodes=2000
2026-06-24 20:05:07,914 | INFO | PROGRESS | experiment=Epsilon = 0.3 | episode=500 | recent_mean_return=-265.490 | recent_mean_steps=142.250 | recent_success_rate=0.584
2026-06-24 20:05:08,221 | INFO | PROGRESS | experiment=Epsilon = 0.3 | episode=1000 | recent_mean_return=-76.036 | recent_mean_steps=51.604 | recent_success_rate=0.988
2026-06-24 20:05:08,389 | INFO | PROGRESS | experiment=Epsilon = 0.3 | episode=1500 | recent_mean_return=-24.878 | recent_mean_steps=25.358 | recent_success_rate=1.000
2026-06-24 20:05:08,522 | INFO | PROGRESS | experiment=Epsilon = 0.3 | episode=2000 | recent_mean_return=-16.556 | recent_mean_steps=20.708 | recent_success_rate=1.000
2026-06-24 20:05:08,564 | INFO | FINISH | experiment=Epsilon = 0.3 | metrics={'training_mean_return_last_window': -16.556, 'training_mean_steps_last_window': 20.708, 'training_success_rate_last_window': 1.0, 'training_mean_illegal_actions_last_window': 1.872, 'training_truncation_rate_last_window': 0.0, 'evaluation_episodes': 100.0, 'evaluation_mean_return': -20.7, 'evaluation_mean_steps': 38.76, 'evaluation_success_rate': 0.86, 'evaluation_mean_illegal_actions': 0.0}
2026-06-24 20:05:08,570 | INFO | START | experiment=Best combination | alpha=0.200 | epsilon=0.100 | gamma=0.900 | episodes=2000
2026-06-24 20:05:09,160 | INFO | PROGRESS | experiment=Best combination | episode=500 | recent_mean_return=-129.848 | recent_mean_steps=97.442 | recent_success_rate=0.778
2026-06-24 20:05:09,290 | INFO | PROGRESS | experiment=Best combination | episode=1000 | recent_mean_return=-3.754 | recent_mean_steps=19.372 | recent_success_rate=1.000
2026-06-24 20:05:09,394 | INFO | PROGRESS | experiment=Best combination | episode=1500 | recent_mean_return=1.036 | recent_mean_steps=15.410 | recent_success_rate=1.000
2026-06-24 20:05:09,493 | INFO | PROGRESS | experiment=Best combination | episode=2000 | recent_mean_return=2.192 | recent_mean_steps=14.848 | recent_success_rate=1.000
2026-06-24 20:05:09,511 | INFO | FINISH | experiment=Best combination | metrics={'training_mean_return_last_window': 2.192, 'training_mean_steps_last_window': 14.848, 'training_success_rate_last_window': 1.0, 'training_mean_illegal_actions_last_window': 0.44, 'training_truncation_rate_last_window': 0.0, 'evaluation_episodes': 100.0, 'evaluation_mean_return': 8.35, 'evaluation_mean_steps': 12.65, 'evaluation_success_rate': 1.0, 'evaluation_mean_illegal_actions': 0.0}
